[25500:25044:0813/143528.122:INFO:CONSOLE(2)] "'state' should be a method that returns an object in store/modules/checkout.js", source: https://www.ikea.cn/_nuxt/2d73e03.js (2)
[25500:25044:0813/143528.122:INFO:CONSOLE(2)] "'state' should be a method that returns an object in store/modules/payInfo.js", source: https://www.ikea.cn/_nuxt/2d73e03.js (2)
[25500:25044:0813/143528.122:INFO:CONSOLE(2)] "'state' should be a method that returns an object in store/modules/routeHistory.js", source: https://www.ikea.cn/_nuxt/2d73e03.js (2)
[25500:25044:0813/143528.122:INFO:CONSOLE(2)] "'state' should be a method that returns an object in store/modules/shopCart.js", source: https://www.ikea.cn/_nuxt/2d73e03.js (2)
[25500:25044:0813/143528.123:INFO:CONSOLE(2)] "'state' should be a method that returns an object in store/modules/wechatStore.js", source: https://www.ikea.cn/_nuxt/2d73e03.js (2)
[25500:25044:0813/143528.143:INFO:CONSOLE(2)] "'state' should be a method that returns an object in store/modules/catInfo/index.js", source: https://www.ikea.cn/_nuxt/2d73e03.js (2)
[25500:25044:0813/143528.143:INFO:CONSOLE(2)] "store/modules/catInfo/state.js should export a method that returns an object", source: https://www.ikea.cn/_nuxt/2d73e03.js (2)
[25500:25044:0813/143528.772:INFO:CONSOLE(0)] "Manifest: property 'description' ignored, type string expected.", source: https://www.ikea.cn/_nuxt/manifest.078baf0d.json (0)
[25500:25044:0813/143530.594:INFO:CONSOLE(2)] "[Report Only] Refused to connect to 'https://sentry.ingka-system.cn/api/34/envelope/?sentry_key=edd6465106aa41c78bcc58eeb02ab3d6&sentry_version=7' because it violates the following Content Security Policy directive: "connect-src 'self' *.akstat.io *.growingio.com *.akamaihd.net *.aliyuncs.com https://static.web.ikea.cn https://ynuf.aliapp.org https://c.go-mpulse.net https://stats.g.doubleclick.net https://www.google-analytics.com *.baidu.com *.sentry.io *.ikea.cn".
", source: https://www.ikea.cn/_nuxt/2d73e03.js (2)
[25500:25044:0813/143530.595:INFO:CONSOLE(2)] "[Report Only] Refused to connect to 'https://sentry.ingka-system.cn/api/34/envelope/?sentry_key=edd6465106aa41c78bcc58eeb02ab3d6&sentry_version=7' because it violates the following Content Security Policy directive: "connect-src 'self' *.akstat.io *.growingio.com *.akamaihd.net *.aliyuncs.com https://static.web.ikea.cn https://ynuf.aliapp.org https://c.go-mpulse.net https://stats.g.doubleclick.net https://www.google-analytics.com *.baidu.com *.sentry.io *.ikea.cn".
", source: https://www.ikea.cn/_nuxt/2d73e03.js (2)
[25500:25044:0813/143530.819:ERROR:device_event_log_impl.cc(214)] [14:35:30.819] USB: usb_device_handle_win.cc:1048 Failed to read descriptor from node connection: A device attached to the system is not functioning. (0x1F)
[25500:25044:0813/143530.897:INFO:CONSOLE(0)] "[Report Only] Refused to load the image 'https://www.google.mn/ads/ga-audiences?t=sr&aip=1&_r=4&slf_rd=1&v=1&_v=j96&tid=UA-101279823-18&cid=1640094538.1660207726&jid=1773487820&_u=wCCACUAABAAAAC~&z=1420704501' because it violates the following Content Security Policy directive: "default-src 'self' data: 'unsafe-inline' 'unsafe-eval' static.web.ikea.cn ikea.cn ikea.com *.ikea.com *.ikea.cn bootcss.com instant.page *.bootcss.com baidu.com *.baidu.com go-mpulse.net *.go-mpulse.net geetest.com *.geetest.com csc.ikea.cn *.static.web.ikea.cn *.giocdn.com giocdn.com google-analytics.com *.google-analytics.com googletagmanager.com *.googletagmanager.com kefu.csc.ikea.cn *.csc.ikea.cn res.app.ikea.cn *.app.ikea.cn *.res.app.ikea.cn api.growingio.com *.growingio.com fonts.google.com *.google.com *.google.cn *.aliyuncs.com fonts.googleapis.com *.aliapp.org *.wx.qq.com". Note that 'img-src' was not explicitly set, so 'default-src' is used as a fallback.
", source: https://www.ikea.cn/cn/en/cat/bookcases-shelving-units-st002/ (0)
[25500:25044:0813/143533.106:INFO:CONSOLE(0)] "Manifest: property 'description' ignored, type string expected.", source: https://www.ikea.cn/_nuxt/manifest.en.json (0)
[25500:25044:0813/143536.223:INFO:CONSOLE(2)] "[Report Only] Refused to connect to 'https://sentry.ingka-system.cn/api/34/envelope/?sentry_key=edd6465106aa41c78bcc58eeb02ab3d6&sentry_version=7' because it violates the following Content Security Policy directive: "connect-src 'self' *.akstat.io *.growingio.com *.akamaihd.net *.aliyuncs.com https://static.web.ikea.cn https://ynuf.aliapp.org https://c.go-mpulse.net https://stats.g.doubleclick.net https://www.google-analytics.com *.baidu.com *.sentry.io *.ikea.cn".
", source: https://www.ikea.cn/_nuxt/2d73e03.js (2)
[25500:25044:0813/143536.223:INFO:CONSOLE(2)] "[Report Only] Refused to connect to 'https://sentry.ingka-system.cn/api/34/envelope/?sentry_key=edd6465106aa41c78bcc58eeb02ab3d6&sentry_version=7' because it violates the following Content Security Policy directive: "connect-src 'self' *.akstat.io *.growingio.com *.akamaihd.net *.aliyuncs.com https://static.web.ikea.cn https://ynuf.aliapp.org https://c.go-mpulse.net https://stats.g.doubleclick.net https://www.google-analytics.com *.baidu.com *.sentry.io *.ikea.cn".
", source: https://www.ikea.cn/_nuxt/2d73e03.js (2)
[25500:25044:0813/143536.787:INFO:CONSOLE(2)] "'state' should be a method that returns an object in store/modules/checkout.js", source: https://www.ikea.cn/_nuxt/2d73e03.js (2)
[25500:25044:0813/143536.787:INFO:CONSOLE(2)] "'state' should be a method that returns an object in store/modules/payInfo.js", source: https://www.ikea.cn/_nuxt/2d73e03.js (2)
[25500:25044:0813/143536.787:INFO:CONSOLE(2)] "'state' should be a method that returns an object in store/modules/routeHistory.js", source: https://www.ikea.cn/_nuxt/2d73e03.js (2)
[25500:25044:0813/143536.788:INFO:CONSOLE(2)] "'state' should be a method that returns an object in store/modules/shopCart.js", source: https://www.ikea.cn/_nuxt/2d73e03.js (2)
[25500:25044:0813/143536.788:INFO:CONSOLE(2)] "'state' should be a method that returns an object in store/modules/wechatStore.js", source: https://www.ikea.cn/_nuxt/2d73e03.js (2)
[25500:25044:0813/143536.788:INFO:CONSOLE(2)] "'state' should be a method that returns an object in store/modules/catInfo/index.js", source: https://www.ikea.cn/_nuxt/2d73e03.js (2)
[25500:25044:0813/143536.788:INFO:CONSOLE(2)] "store/modules/catInfo/state.js should export a method that returns an object", source: https://www.ikea.cn/_nuxt/2d73e03.js (2)
[25500:25044:0813/143537.414:INFO:CONSOLE(0)] "Manifest: property 'description' ignored, type string expected.", source: https://www.ikea.cn/_nuxt/manifest.078baf0d.json (0)
[25500:25044:0813/143537.755:INFO:CONSOLE(2)] "[Report Only] Refused to connect to 'https://sentry.ingka-system.cn/api/34/envelope/?sentry_key=edd6465106aa41c78bcc58eeb02ab3d6&sentry_version=7' because it violates the following Content Security Policy directive: "connect-src 'self' *.akstat.io *.growingio.com *.akamaihd.net *.aliyuncs.com https://static.web.ikea.cn https://ynuf.aliapp.org https://c.go-mpulse.net https://stats.g.doubleclick.net https://www.google-analytics.com *.baidu.com *.sentry.io *.ikea.cn".
", source: https://www.ikea.cn/_nuxt/2d73e03.js (2)
[25500:25044:0813/143537.756:INFO:CONSOLE(2)] "[Report Only] Refused to connect to 'https://sentry.ingka-system.cn/api/34/envelope/?sentry_key=edd6465106aa41c78bcc58eeb02ab3d6&sentry_version=7' because it violates the following Content Security Policy directive: "connect-src 'self' *.akstat.io *.growingio.com *.akamaihd.net *.aliyuncs.com https://static.web.ikea.cn https://ynuf.aliapp.org https://c.go-mpulse.net https://stats.g.doubleclick.net https://www.google-analytics.com *.baidu.com *.sentry.io *.ikea.cn".
", source: https://www.ikea.cn/_nuxt/2d73e03.js (2)
[25500:25044:0813/143538.678:INFO:CONSOLE(0)] "Manifest: property 'description' ignored, type string expected.", source: https://www.ikea.cn/_nuxt/manifest.en.json (0)
[25500:25044:0813/143546.331:INFO:CONSOLE(2)] "[Report Only] Refused to connect to 'https://sentry.ingka-system.cn/api/34/envelope/?sentry_key=edd6465106aa41c78bcc58eeb02ab3d6&sentry_version=7' because it violates the following Content Security Policy directive: "connect-src 'self' *.akstat.io *.growingio.com *.akamaihd.net *.aliyuncs.com https://static.web.ikea.cn https://ynuf.aliapp.org https://c.go-mpulse.net https://stats.g.doubleclick.net https://www.google-analytics.com *.baidu.com *.sentry.io *.ikea.cn".
", source: https://www.ikea.cn/_nuxt/2d73e03.js (2)
[25500:25044:0813/143546.333:INFO:CONSOLE(2)] "[Report Only] Refused to connect to 'https://sentry.ingka-system.cn/api/34/envelope/?sentry_key=edd6465106aa41c78bcc58eeb02ab3d6&sentry_version=7' because it violates the following Content Security Policy directive: "connect-src 'self' *.akstat.io *.growingio.com *.akamaihd.net *.aliyuncs.com https://static.web.ikea.cn https://ynuf.aliapp.org https://c.go-mpulse.net https://stats.g.doubleclick.net https://www.google-analytics.com *.baidu.com *.sentry.io *.ikea.cn".
", source: https://www.ikea.cn/_nuxt/2d73e03.js (2)
[25500:25044:0813/143546.870:INFO:CONSOLE(2)] "'state' should be a method that returns an object in store/modules/checkout.js", source: https://www.ikea.cn/_nuxt/2d73e03.js (2)
[25500:25044:0813/143546.871:INFO:CONSOLE(2)] "'state' should be a method that returns an object in store/modules/payInfo.js", source: https://www.ikea.cn/_nuxt/2d73e03.js (2)
[25500:25044:0813/143546.871:INFO:CONSOLE(2)] "'state' should be a method that returns an object in store/modules/routeHistory.js", source: https://www.ikea.cn/_nuxt/2d73e03.js (2)
[25500:25044:0813/143546.871:INFO:CONSOLE(2)] "'state' should be a method that returns an object in store/modules/shopCart.js", source: https://www.ikea.cn/_nuxt/2d73e03.js (2)
[25500:25044:0813/143546.871:INFO:CONSOLE(2)] "'state' should be a method that returns an object in store/modules/wechatStore.js", source: https://www.ikea.cn/_nuxt/2d73e03.js (2)
[25500:25044:0813/143546.871:INFO:CONSOLE(2)] "'state' should be a method that returns an object in store/modules/catInfo/index.js", source: https://www.ikea.cn/_nuxt/2d73e03.js (2)
[25500:25044:0813/143546.872:INFO:CONSOLE(2)] "store/modules/catInfo/state.js should export a method that returns an object", source: https://www.ikea.cn/_nuxt/2d73e03.js (2)
[25500:25044:0813/143547.894:INFO:CONSOLE(2)] "[Report Only] Refused to connect to 'https://sentry.ingka-system.cn/api/34/envelope/?sentry_key=edd6465106aa41c78bcc58eeb02ab3d6&sentry_version=7' because it violates the following Content Security Policy directive: "connect-src 'self' *.akstat.io *.growingio.com *.akamaihd.net *.aliyuncs.com https://static.web.ikea.cn https://ynuf.aliapp.org https://c.go-mpulse.net https://stats.g.doubleclick.net https://www.google-analytics.com *.baidu.com *.sentry.io *.ikea.cn".
", source: https://www.ikea.cn/_nuxt/2d73e03.js (2)
[25500:25044:0813/143547.894:INFO:CONSOLE(2)] "[Report Only] Refused to connect to 'https://sentry.ingka-system.cn/api/34/envelope/?sentry_key=edd6465106aa41c78bcc58eeb02ab3d6&sentry_version=7' because it violates the following Content Security Policy directive: "connect-src 'self' *.akstat.io *.growingio.com *.akamaihd.net *.aliyuncs.com https://static.web.ikea.cn https://ynuf.aliapp.org https://c.go-mpulse.net https://stats.g.doubleclick.net https://www.google-analytics.com *.baidu.com *.sentry.io *.ikea.cn".
", source: https://www.ikea.cn/_nuxt/2d73e03.js (2)
[25500:25044:0813/143549.438:INFO:CONSOLE(0)] "Manifest: property 'description' ignored, type string expected.", source: https://www.ikea.cn/_nuxt/manifest.en.json (0)
